This is pdfTeX, Version 3.14159265-2.6-1.40.19 (MiKTeX 2.9.6840 64-bit) (preloaded format=pdflatex 2018.12.1)  17 DEC 2018 09:43
entering extended mode
**./Hashing.tex
(Hashing.tex
LaTeX2e <2018-04-01> patch level 5
("C:\Users\Xavier\AppData\Local\Programs\MiKTeX 2.9\tex\latex\base\article.cls"
Document Class: article 2014/09/29 v1.4h Standard LaTeX document class
("C:\Users\Xavier\AppData\Local\Programs\MiKTeX 2.9\tex\latex\base\size12.clo"
File: size12.clo 2014/09/29 v1.4h Standard LaTeX file (size option)
)
\c@part=\count80
\c@section=\count81
\c@subsection=\count82
\c@subsubsection=\count83
\c@paragraph=\count84
\c@subparagraph=\count85
\c@figure=\count86
\c@table=\count87
\abovecaptionskip=\skip41
\belowcaptionskip=\skip42
\bibindent=\dimen102
)
("C:\Users\Xavier\AppData\Local\Programs\MiKTeX 2.9\tex\generic\babel\babel.sty
"
Package: babel 2018/09/26 3.24 The Babel package

("C:\Users\Xavier\AppData\Local\Programs\MiKTeX 2.9\tex\generic\babel\switch.de
f"
File: switch.def 2018/09/26 3.24 Babel switching mechanism
)
*************************************
* Local config file bblopts.cfg used
*
("C:\Users\Xavier\AppData\Local\Programs\MiKTeX 2.9\tex\latex\arabi\bblopts.cfg
"
File: bblopts.cfg 2005/09/08 v0.1 add Arabic and Farsi to "declared" options of
 babel
)
("C:\Users\Xavier\AppData\Local\Programs\MiKTeX 2.9\tex\latex\babel-spanish\spa
nish.ldf"
Language: spanish.ldf 2016/03/03 v5.0p Spanish support from the babel system

("C:\Users\Xavier\AppData\Local\Programs\MiKTeX 2.9\tex\generic\babel\babel.def
"
File: babel.def 2018/09/26 3.24 Babel common definitions
\babel@savecnt=\count88
\U@D=\dimen103

("C:\Users\Xavier\AppData\Local\Programs\MiKTeX 2.9\tex\generic\babel\txtbabel.
def")
\bbl@dirlevel=\count89
)
\es@quottoks=\toks14
\es@quotdepth=\count90
Package babel Info: Making " an active character on input line 561.
Package babel Info: Making . an active character on input line 662.
Package babel Info: Making < an active character on input line 707.
Package babel Info: Making > an active character on input line 707.
)
("C:\Users\Xavier\AppData\Local\Programs\MiKTeX 2.9\tex\latex\babel-english\eng
lish.ldf"
Language: english 2017/06/06 v3.3r English support from the babel system
\l@canadian = a dialect from \language\l@american 
\l@australian = a dialect from \language\l@british 
\l@newzealand = a dialect from \language\l@british 
)
("C:\Users\Xavier\AppData\Local\Programs\MiKTeX 2.9\tex\latex\babel-english\UKe
nglish.ldf"
Language: UKenglish 2017/06/06 v3.3r English support from the babel system

("C:\Users\Xavier\AppData\Local\Programs\MiKTeX 2.9\tex\latex\babel-english\eng
lish.ldf"
Language: english 2017/06/06 v3.3r English support from the babel system
))
("C:\Users\Xavier\AppData\Local\Programs\MiKTeX 2.9\tex\latex\babel-english\USe
nglish.ldf"
Language: USenglish 2017/06/06 v3.3r English support from the babel system

("C:\Users\Xavier\AppData\Local\Programs\MiKTeX 2.9\tex\latex\babel-english\eng
lish.ldf"
Language: english 2017/06/06 v3.3r English support from the babel system
))
("C:\Users\Xavier\AppData\Local\Programs\MiKTeX 2.9\tex\latex\babel-english\ame
rican.ldf"
Language: american 2017/06/06 v3.3r English support from the babel system

("C:\Users\Xavier\AppData\Local\Programs\MiKTeX 2.9\tex\latex\babel-english\eng
lish.ldf"
Language: english 2017/06/06 v3.3r English support from the babel system
))
("C:\Users\Xavier\AppData\Local\Programs\MiKTeX 2.9\tex\latex\babel-english\bri
tish.ldf"
Language: british 2017/06/06 v3.3r English support from the babel system

("C:\Users\Xavier\AppData\Local\Programs\MiKTeX 2.9\tex\latex\babel-english\eng
lish.ldf"
Language: english 2017/06/06 v3.3r English support from the babel system
)))

Package Babel Warning: The package option `english' should not be used
(Babel)                with a more specific one (like `british') on input line 
5.

("C:\Users\Xavier\AppData\Local\Programs\MiKTeX 2.9\tex\latex\base\inputenc.sty
"
Package: inputenc 2018/04/06 v1.3b Input encoding file
\inpenc@prehook=\toks15
\inpenc@posthook=\toks16
 ("C:\Users\Xavier\AppData\Local\Programs\MiKTeX 2.9\tex\latex\base\latin1.def"
File: latin1.def 2018/04/06 v1.3b Input encoding file
))
("C:\Users\Xavier\AppData\Local\Programs\MiKTeX 2.9\tex\latex\mathtools\mathtoo
ls.sty"
Package: mathtools 2018/01/08 v1.21 mathematical typesetting tools

("C:\Users\Xavier\AppData\Local\Programs\MiKTeX 2.9\tex\latex\graphics\keyval.s
ty"
Package: keyval 2014/10/28 v1.15 key=value parser (DPC)
\KV@toks@=\toks17
)
("C:\Users\Xavier\AppData\Local\Programs\MiKTeX 2.9\tex\latex\tools\calc.sty"
Package: calc 2017/05/25 v4.3 Infix arithmetic (KKT,FJ)
\calc@Acount=\count91
\calc@Bcount=\count92
\calc@Adimen=\dimen104
\calc@Bdimen=\dimen105
\calc@Askip=\skip43
\calc@Bskip=\skip44
LaTeX Info: Redefining \setlength on input line 80.
LaTeX Info: Redefining \addtolength on input line 81.
\calc@Ccount=\count93
\calc@Cskip=\skip45
)
("C:\Users\Xavier\AppData\Local\Programs\MiKTeX 2.9\tex\latex\mathtools\mhsetup
.sty"
Package: mhsetup 2017/03/31 v1.3 programming setup (MH)
)
("C:\Users\Xavier\AppData\Local\Programs\MiKTeX 2.9\tex\latex\amsmath\amsmath.s
ty"
Package: amsmath 2017/09/02 v2.17a AMS math features
\@mathmargin=\skip46

For additional information on amsmath, use the `?' option.

("C:\Users\Xavier\AppData\Local\Programs\MiKTeX 2.9\tex\latex\amsmath\amstext.s
ty"
Package: amstext 2000/06/29 v2.01 AMS text

("C:\Users\Xavier\AppData\Local\Programs\MiKTeX 2.9\tex\latex\amsmath\amsgen.st
y"
File: amsgen.sty 1999/11/30 v2.0 generic functions
\@emptytoks=\toks18
\ex@=\dimen106
))
("C:\Users\Xavier\AppData\Local\Programs\MiKTeX 2.9\tex\latex\amsmath\amsbsy.st
y"
Package: amsbsy 1999/11/29 v1.2d Bold Symbols
\pmbraise@=\dimen107
)
("C:\Users\Xavier\AppData\Local\Programs\MiKTeX 2.9\tex\latex\amsmath\amsopn.st
y"
Package: amsopn 2016/03/08 v2.02 operator names
)
\inf@bad=\count94
LaTeX Info: Redefining \frac on input line 213.
\uproot@=\count95
\leftroot@=\count96
LaTeX Info: Redefining \overline on input line 375.
\classnum@=\count97
\DOTSCASE@=\count98
LaTeX Info: Redefining \ldots on input line 472.
LaTeX Info: Redefining \dots on input line 475.
LaTeX Info: Redefining \cdots on input line 596.
\Mathstrutbox@=\box26
\strutbox@=\box27
\big@size=\dimen108
LaTeX Font Info:    Redeclaring font encoding OML on input line 712.
LaTeX Font Info:    Redeclaring font encoding OMS on input line 713.
\macc@depth=\count99
\c@MaxMatrixCols=\count100
\dotsspace@=\muskip10
\c@parentequation=\count101
\dspbrk@lvl=\count102
\tag@help=\toks19
\row@=\count103
\column@=\count104
\maxfields@=\count105
\andhelp@=\toks20
\eqnshift@=\dimen109
\alignsep@=\dimen110
\tagshift@=\dimen111
\tagwidth@=\dimen112
\totwidth@=\dimen113
\lineht@=\dimen114
\@envbody=\toks21
\multlinegap=\skip47
\multlinetaggap=\skip48
\mathdisplay@stack=\toks22
LaTeX Info: Redefining \[ on input line 2817.
LaTeX Info: Redefining \] on input line 2818.
)
LaTeX Info: Thecontrolsequence`\('isalreadyrobust on input line 129.
LaTeX Info: Thecontrolsequence`\)'isalreadyrobust on input line 129.
LaTeX Info: Thecontrolsequence`\['isalreadyrobust on input line 129.
LaTeX Info: Thecontrolsequence`\]'isalreadyrobust on input line 129.
\g_MT_multlinerow_int=\count106
\l_MT_multwidth_dim=\dimen115
\origjot=\skip49
\l_MT_shortvdotswithinadjustabove_dim=\dimen116
\l_MT_shortvdotswithinadjustbelow_dim=\dimen117
\l_MT_above_intertext_sep=\dimen118
\l_MT_below_intertext_sep=\dimen119
\l_MT_above_shortintertext_sep=\dimen120
\l_MT_below_shortintertext_sep=\dimen121
)
("C:\Users\Xavier\AppData\Local\Programs\MiKTeX 2.9\tex\latex\amscls\amsthm.sty
"
Package: amsthm 2017/10/31 v2.20.4
\thm@style=\toks23
\thm@bodyfont=\toks24
\thm@headfont=\toks25
\thm@notefont=\toks26
\thm@headpunct=\toks27
\thm@preskip=\skip50
\thm@postskip=\skip51
\thm@headsep=\skip52
\dth@everypar=\toks28
)
("C:\Users\Xavier\AppData\Local\Programs\MiKTeX 2.9\tex\latex\amsfonts\amssymb.
sty"
Package: amssymb 2013/01/14 v3.01 AMS font symbols

("C:\Users\Xavier\AppData\Local\Programs\MiKTeX 2.9\tex\latex\amsfonts\amsfonts
.sty"
Package: amsfonts 2013/01/14 v3.01 Basic AMSFonts support
\symAMSa=\mathgroup4
\symAMSb=\mathgroup5
LaTeX Font Info:    Overwriting math alphabet `\mathfrak' in version `bold'
(Font)                  U/euf/m/n --> U/euf/b/n on input line 106.
))
("C:\Users\Xavier\AppData\Local\Programs\MiKTeX 2.9\tex\latex\geometry\geometry
.sty"
Package: geometry 2018/04/16 v5.8 Page Geometry

("C:\Users\Xavier\AppData\Local\Programs\MiKTeX 2.9\tex\generic\oberdiek\ifpdf.
sty"
Package: ifpdf 2018/09/07 v3.3 Provides the ifpdf switch
)
("C:\Users\Xavier\AppData\Local\Programs\MiKTeX 2.9\tex\generic\oberdiek\ifvtex
.sty"
Package: ifvtex 2016/05/16 v1.6 Detect VTeX and its facilities (HO)
Package ifvtex Info: VTeX not detected.
)
("C:\Users\Xavier\AppData\Local\Programs\MiKTeX 2.9\tex\generic\ifxetex\ifxetex
.sty"
Package: ifxetex 2010/09/12 v0.6 Provides ifxetex conditional
)
\Gm@cnth=\count107
\Gm@cntv=\count108
\c@Gm@tempcnt=\count109
\Gm@bindingoffset=\dimen122
\Gm@wd@mp=\dimen123
\Gm@odd@mp=\dimen124
\Gm@even@mp=\dimen125
\Gm@layoutwidth=\dimen126
\Gm@layoutheight=\dimen127
\Gm@layouthoffset=\dimen128
\Gm@layoutvoffset=\dimen129
\Gm@dimlist=\toks29

("C:\Users\Xavier\AppData\Local\Programs\MiKTeX 2.9\tex\latex\geometry\geometry
.cfg"))
("C:\Users\Xavier\AppData\Local\Programs\MiKTeX 2.9\tex\latex\hyperref\hyperref
.sty"
Package: hyperref 2018/09/30 v6.88a Hypertext links for LaTeX

("C:\Users\Xavier\AppData\Local\Programs\MiKTeX 2.9\tex\generic\oberdiek\hobsub
-hyperref.sty"
Package: hobsub-hyperref 2016/05/16 v1.14 Bundle oberdiek, subset hyperref (HO)


("C:\Users\Xavier\AppData\Local\Programs\MiKTeX 2.9\tex\generic\oberdiek\hobsub
-generic.sty"
Package: hobsub-generic 2016/05/16 v1.14 Bundle oberdiek, subset generic (HO)
Package: hobsub 2016/05/16 v1.14 Construct package bundles (HO)
Package: infwarerr 2016/05/16 v1.4 Providing info/warning/error messages (HO)
Package: ltxcmds 2016/05/16 v1.23 LaTeX kernel commands for general use (HO)
Package: ifluatex 2016/05/16 v1.4 Provides the ifluatex switch (HO)
Package ifluatex Info: LuaTeX not detected.
Package hobsub Info: Skipping package `ifvtex' (already loaded).
Package: intcalc 2016/05/16 v1.2 Expandable calculations with integers (HO)
Package hobsub Info: Skipping package `ifpdf' (already loaded).
Package: etexcmds 2016/05/16 v1.6 Avoid name clashes with e-TeX commands (HO)
Package etexcmds Info: Could not find \expanded.
(etexcmds)             That can mean that you are not using pdfTeX 1.50 or
(etexcmds)             that some package has redefined \expanded.
(etexcmds)             In the latter case, load this package earlier.
Package: kvsetkeys 2016/05/16 v1.17 Key value parser (HO)
Package: kvdefinekeys 2016/05/16 v1.4 Define keys (HO)
Package: pdftexcmds 2018/09/10 v0.29 Utility functions of pdfTeX for LuaTeX (HO
)
Package pdftexcmds Info: LuaTeX not detected.
Package pdftexcmds Info: \pdf@primitive is available.
Package pdftexcmds Info: \pdf@ifprimitive is available.
Package pdftexcmds Info: \pdfdraftmode found.
Package: pdfescape 2016/05/16 v1.14 Implements pdfTeX's escape features (HO)
Package: bigintcalc 2016/05/16 v1.4 Expandable calculations on big integers (HO
)
Package: bitset 2016/05/16 v1.2 Handle bit-vector datatype (HO)
Package: uniquecounter 2016/05/16 v1.3 Provide unlimited unique counter (HO)
)
Package hobsub Info: Skipping package `hobsub' (already loaded).
Package: letltxmacro 2016/05/16 v1.5 Let assignment for LaTeX macros (HO)
Package: hopatch 2016/05/16 v1.3 Wrapper for package hooks (HO)
Package: xcolor-patch 2016/05/16 xcolor patch
Package: atveryend 2016/05/16 v1.9 Hooks at the very end of document (HO)
Package atveryend Info: \enddocument detected (standard20110627).
Package: atbegshi 2016/06/09 v1.18 At begin shipout hook (HO)
Package: refcount 2016/05/16 v3.5 Data extraction from label references (HO)
Package: hycolor 2016/05/16 v1.8 Color options for hyperref/bookmark (HO)
)
("C:\Users\Xavier\AppData\Local\Programs\MiKTeX 2.9\tex\latex\oberdiek\auxhook.
sty"
Package: auxhook 2016/05/16 v1.4 Hooks for auxiliary files (HO)
)
("C:\Users\Xavier\AppData\Local\Programs\MiKTeX 2.9\tex\latex\oberdiek\kvoption
s.sty"
Package: kvoptions 2016/05/16 v3.12 Key value format for package options (HO)
)
\@linkdim=\dimen130
\Hy@linkcounter=\count110
\Hy@pagecounter=\count111

("C:\Users\Xavier\AppData\Local\Programs\MiKTeX 2.9\tex\latex\hyperref\pd1enc.d
ef"
File: pd1enc.def 2018/09/30 v6.88a Hyperref: PDFDocEncoding definition (HO)
Now handling font encoding PD1 ...
... no UTF-8 mapping file for font encoding PD1
)
\Hy@SavedSpaceFactor=\count112

("C:\Users\Xavier\AppData\Local\Programs\MiKTeX 2.9\tex\latex\00miktex\hyperref
.cfg"
File: hyperref.cfg 2002/06/06 v1.2 hyperref configuration of TeXLive
)
Package hyperref Info: Hyper figures OFF on input line 4535.
Package hyperref Info: Link nesting OFF on input line 4540.
Package hyperref Info: Hyper index ON on input line 4543.
Package hyperref Info: Plain pages OFF on input line 4550.
Package hyperref Info: Backreferencing OFF on input line 4555.
Package hyperref Info: Implicit mode ON; LaTeX internals redefined.
Package hyperref Info: Bookmarks ON on input line 4788.
\c@Hy@tempcnt=\count113
 ("C:\Users\Xavier\AppData\Local\Programs\MiKTeX 2.9\tex\latex\url\url.sty"
\Urlmuskip=\muskip11
Package: url 2013/09/16  ver 3.4  Verb mode for urls, etc.
)
LaTeX Info: Redefining \url on input line 5141.
\XeTeXLinkMargin=\dimen131
\Fld@menulength=\count114
\Field@Width=\dimen132
\Fld@charsize=\dimen133
Package hyperref Info: Hyper figures OFF on input line 6396.
Package hyperref Info: Link nesting OFF on input line 6401.
Package hyperref Info: Hyper index ON on input line 6404.
Package hyperref Info: backreferencing OFF on input line 6411.
Package hyperref Info: Link coloring OFF on input line 6416.
Package hyperref Info: Link coloring with OCG OFF on input line 6421.
Package hyperref Info: PDF/A mode OFF on input line 6426.
LaTeX Info: Redefining \ref on input line 6466.
LaTeX Info: Redefining \pageref on input line 6470.
\Hy@abspage=\count115
\c@Item=\count116
\c@Hfootnote=\count117
)
Package hyperref Info: Driver (autodetected): hpdftex.

("C:\Users\Xavier\AppData\Local\Programs\MiKTeX 2.9\tex\latex\hyperref\hpdftex.
def"
File: hpdftex.def 2018/09/30 v6.88a Hyperref driver for pdfTeX
\Fld@listcount=\count118
\c@bookmark@seq@number=\count119

("C:\Users\Xavier\AppData\Local\Programs\MiKTeX 2.9\tex\latex\oberdiek\rerunfil
echeck.sty"
Package: rerunfilecheck 2016/05/16 v1.8 Rerun checks for auxiliary files (HO)
Package uniquecounter Info: New unique counter `rerunfilecheck' on input line 2
82.
)
\Hy@SectionHShift=\skip53
)
("C:\Users\Xavier\AppData\Local\Programs\MiKTeX 2.9\tex\latex\graphics\graphicx
.sty"
Package: graphicx 2017/06/01 v1.1a Enhanced LaTeX Graphics (DPC,SPQR)

("C:\Users\Xavier\AppData\Local\Programs\MiKTeX 2.9\tex\latex\graphics\graphics
.sty"
Package: graphics 2017/06/25 v1.2c Standard LaTeX Graphics (DPC,SPQR)

("C:\Users\Xavier\AppData\Local\Programs\MiKTeX 2.9\tex\latex\graphics\trig.sty
"
Package: trig 2016/01/03 v1.10 sin cos tan (DPC)
)
("C:\Users\Xavier\AppData\Local\Programs\MiKTeX 2.9\tex\latex\graphics-cfg\grap
hics.cfg"
File: graphics.cfg 2016/06/04 v1.11 sample graphics configuration
)
Package graphics Info: Driver file: pdftex.def on input line 99.

("C:\Users\Xavier\AppData\Local\Programs\MiKTeX 2.9\tex\latex\graphics-def\pdft
ex.def"
File: pdftex.def 2018/01/08 v1.0l Graphics/color driver for pdftex
))
\Gin@req@height=\dimen134
\Gin@req@width=\dimen135
)
("C:\Users\Xavier\AppData\Local\Programs\MiKTeX 2.9\tex\latex\etoc\etoc.sty"
Package: etoc 2018/07/04 v1.08p Completely customisable TOCs (JFB)

("C:\Users\Xavier\AppData\Local\Programs\MiKTeX 2.9\tex\latex\tools\multicol.st
y"
Package: multicol 2018/04/20 v1.8s multicolumn formatting (FMi)
\c@tracingmulticols=\count120
\mult@box=\box28
\multicol@leftmargin=\dimen136
\c@unbalance=\count121
\c@collectmore=\count122
\doublecol@number=\count123
\multicoltolerance=\count124
\multicolpretolerance=\count125
\full@width=\dimen137
\page@free=\dimen138
\premulticols=\dimen139
\postmulticols=\dimen140
\multicolsep=\skip54
\multicolbaselineskip=\skip55
\partial@page=\box29
\last@line=\box30
\maxbalancingoverflow=\dimen141
\mult@rightbox=\box31
\mult@grightbox=\box32
\mult@gfirstbox=\box33
\mult@firstbox=\box34
\@tempa=\box35
\@tempa=\box36
\@tempa=\box37
\@tempa=\box38
\@tempa=\box39
\@tempa=\box40
\@tempa=\box41
\@tempa=\box42
\@tempa=\box43
\@tempa=\box44
\@tempa=\box45
\@tempa=\box46
\@tempa=\box47
\@tempa=\box48
\@tempa=\box49
\@tempa=\box50
\@tempa=\box51
\c@columnbadness=\count126
\c@finalcolumnbadness=\count127
\last@try=\dimen142
\multicolovershoot=\dimen143
\multicolundershoot=\dimen144
\mult@nat@firstbox=\box52
\colbreak@box=\box53
\mc@col@check@num=\count128
)
\Etoc@toctoks=\toks30
\c@etoc@tocid=\count129
\c@etoc@tocdepth=\count130
\etoc@framed@titlebox=\box54
\etoc@framed@contentsbox=\box55
)
\c@exmp=\count131

("C:\Users\Xavier\AppData\Local\Programs\MiKTeX 2.9\tex\latex\algorithmicx\algp
seudocode.sty"
Package: algpseudocode 

("C:\Users\Xavier\AppData\Local\Programs\MiKTeX 2.9\tex\latex\base\ifthen.sty"
Package: ifthen 2014/09/29 v1.1c Standard LaTeX ifthen package (DPC)
)
("C:\Users\Xavier\AppData\Local\Programs\MiKTeX 2.9\tex\latex\algorithmicx\algo
rithmicx.sty"
Package: algorithmicx 2005/04/27 v1.2 Algorithmicx

Document Style algorithmicx 1.2 - a greatly improved `algorithmic' style
\c@ALG@line=\count132
\c@ALG@rem=\count133
\c@ALG@nested=\count134
\ALG@tlm=\skip56
\ALG@thistlm=\skip57
\c@ALG@Lnr=\count135
\c@ALG@blocknr=\count136
\c@ALG@storecount=\count137
\c@ALG@tmpcounter=\count138
\ALG@tmplength=\skip58
)
Document Style - pseudocode environments for use with the `algorithmicx' style
)
("C:\Users\Xavier\AppData\Local\Programs\MiKTeX 2.9\tex\latex\titlesec\titlesec
.sty"
Package: titlesec 2016/03/21 v2.10.2 Sectioning titles
\ttl@box=\box56
\beforetitleunit=\skip59
\aftertitleunit=\skip60
\ttl@plus=\dimen145
\ttl@minus=\dimen146
\ttl@toksa=\toks31
\titlewidth=\dimen147
\titlewidthlast=\dimen148
\titlewidthfirst=\dimen149
)
("C:\Users\Xavier\AppData\Local\Programs\MiKTeX 2.9\tex\latex\float\float.sty"
Package: float 2001/11/08 v1.3d Float enhancements (AL)
\c@float@type=\count139
\float@exts=\toks32
\float@box=\box57
\@float@everytoks=\toks33
\@floatcapt=\box58
) (Hashing.aux

LaTeX Warning: Label `Fig:jsim_k_meanTime.png' multiply defined.


LaTeX Warning: Label `Fig:signature_jsim_meanError.png' multiply defined.


LaTeX Warning: Label `Fig:signature_jsim_meanError_from25_jenkinsFunc.png' mult
iply defined.

)
\openout1 = `Hashing.aux'.

LaTeX Font Info:    Checking defaults for OML/cmm/m/it on input line 78.
LaTeX Font Info:    ... okay on input line 78.
LaTeX Font Info:    Checking defaults for T1/cmr/m/n on input line 78.
LaTeX Font Info:    ... okay on input line 78.
LaTeX Font Info:    Checking defaults for OT1/cmr/m/n on input line 78.
LaTeX Font Info:    ... okay on input line 78.
LaTeX Font Info:    Checking defaults for OMS/cmsy/m/n on input line 78.
LaTeX Font Info:    ... okay on input line 78.
LaTeX Font Info:    Checking defaults for OMX/cmex/m/n on input line 78.
LaTeX Font Info:    ... okay on input line 78.
LaTeX Font Info:    Checking defaults for U/cmr/m/n on input line 78.
LaTeX Font Info:    ... okay on input line 78.
LaTeX Font Info:    Checking defaults for PD1/pdf/m/n on input line 78.
LaTeX Font Info:    ... okay on input line 78.

*geometry* driver: auto-detecting
*geometry* detected driver: pdftex
*geometry* verbose mode - [ preamble ] result:
* driver: pdftex
* paper: a4paper
* layout: <same size as paper>
* layoutoffset:(h,v)=(0.0pt,0.0pt)
* modes: 
* h-part:(L,W,R)=(89.62709pt, 418.25368pt, 89.6271pt)
* v-part:(T,H,B)=(101.40665pt, 591.5302pt, 152.11pt)
* \paperwidth=597.0pt
* \paperheight=845.0pt
* \textwidth=426.0pt
* \textheight=674.0pt
* \oddsidemargin=13.0pt
* \evensidemargin=17.3571pt
* \topmargin=-23.0pt
* \headheight=12.0pt
* \headsep=25.0pt
* \topskip=12.0pt
* \footskip=30.0pt
* \marginparwidth=50.0pt
* \marginparsep=10.0pt
* \columnsep=10.0pt
* \skip\footins=10.8pt plus 4.0pt minus 2.0pt
* \hoffset=0.0pt
* \voffset=0.0pt
* \mag=1000
* \@twocolumnfalse
* \@twosidefalse
* \@mparswitchfalse
* \@reversemarginfalse
* (1in=72.27pt=25.4mm, 1cm=28.453pt)

\AtBeginShipoutBox=\box59
Package hyperref Info: Link coloring OFF on input line 78.

("C:\Users\Xavier\AppData\Local\Programs\MiKTeX 2.9\tex\latex\hyperref\nameref.
sty"
Package: nameref 2016/05/21 v2.44 Cross-referencing by name of section

("C:\Users\Xavier\AppData\Local\Programs\MiKTeX 2.9\tex\generic\oberdiek\gettit
lestring.sty"
Package: gettitlestring 2016/05/16 v1.5 Cleanup title references (HO)
)
\c@section@level=\count140
)
LaTeX Info: Redefining \ref on input line 78.
LaTeX Info: Redefining \pageref on input line 78.
LaTeX Info: Redefining \nameref on input line 78.
 (Hashing.out) (Hashing.out)
\@outlinefile=\write3
\openout3 = `Hashing.out'.


("C:\Users\Xavier\AppData\Local\Programs\MiKTeX 2.9\tex\context\base\supp-pdf.m
kii"
[Loading MPS to PDF converter (version 2006.09.02).]
\scratchcounter=\count141
\scratchdimen=\dimen150
\scratchbox=\box60
\nofMPsegments=\count142
\nofMParguments=\count143
\everyMPshowfont=\toks34
\MPscratchCnt=\count144
\MPscratchDim=\dimen151
\MPnumerator=\count145
\makeMPintoPDFobject=\count146
\everyMPtoPDFconversion=\toks35
)
("C:\Users\Xavier\AppData\Local\Programs\MiKTeX 2.9\tex\latex\oberdiek\epstopdf
-base.sty"
Package: epstopdf-base 2016/05/15 v2.6 Base part for package epstopdf

("C:\Users\Xavier\AppData\Local\Programs\MiKTeX 2.9\tex\latex\oberdiek\grfext.s
ty"
Package: grfext 2016/05/16 v1.2 Manage graphics extensions (HO)
)
Package epstopdf-base Info: Redefining graphics rule for `.eps' on input line 4
38.
Package grfext Info: Graphics extension search list:
(grfext)             [.pdf,.png,.jpg,.mps,.jpeg,.jbig2,.jb2,.PDF,.PNG,.JPG,.JPE
G,.JBIG2,.JB2,.eps]
(grfext)             \AppendGraphicsExtensions on input line 456.
)
\Etoc@tf=\read1
<./images/UPC.png, id=135, 1027.84pt x 1027.84pt>
File: ./images/UPC.png Graphic file (type png)
<use ./images/UPC.png>
Package pdftex.def Info: ./images/UPC.png  used on input line 94.
(pdftex.def)             Requested size: 63.8974pt x 63.89479pt.
 [1

{C:/Users/Xavier/AppData/Local/MiKTeX/2.9/pdftex/config/pdftex.map} <./images/U
PC.png>]
\tf@toc=\write4
\openout4 = `Hashing.toc'.

LaTeX Font Info:    Try loading font information for U+msa on input line 112.

("C:\Users\Xavier\AppData\Local\Programs\MiKTeX 2.9\tex\latex\amsfonts\umsa.fd"
File: umsa.fd 2013/01/14 v3.01 AMS symbols A
)
LaTeX Font Info:    Try loading font information for U+msb on input line 112.
 ("C:\Users\Xavier\AppData\Local\Programs\MiKTeX 2.9\tex\latex\amsfonts\umsb.fd
"
File: umsb.fd 2013/01/14 v3.01 AMS symbols B
)pdfTeX warning (ext4): destination with the same identifier (name{page.1}) has
 been already used, duplicate ignored
<to be read again> 
                   \relax 
l.112 \newpage
               [1]
<./images/JaccardExample.png, id=185, 389.455pt x 241.40187pt>
File: ./images/JaccardExample.png Graphic file (type png)
<use ./images/JaccardExample.png>
Package pdftex.def Info: ./images/JaccardExample.png  used on input line 138.
(pdftex.def)             Requested size: 216.81pt x 134.38849pt.
 [2 <./images/JaccardExample.png>]
<./images/matrixRepresentation.png, id=194, 442.15187pt x 238.39063pt>
File: ./images/matrixRepresentation.png Graphic file (type png)
<use ./images/matrixRepresentation.png>
Package pdftex.def Info: ./images/matrixRepresentation.png  used on input line 
183.
(pdftex.def)             Requested size: 144.54pt x 77.93073pt.
<./images/typesValues.png, id=195, 398.99063pt x 171.64125pt>
File: ./images/typesValues.png Graphic file (type png)
<use ./images/typesValues.png>
Package pdftex.def Info: ./images/typesValues.png  used on input line 197.
(pdftex.def)             Requested size: 144.54pt x 62.1784pt.
 [3 <./images/matrixRepresentation.png>] [4 <./images/typesValues.png>]
<./images/permutationMatrixSignature.png, id=212, 331.2375pt x 192.21812pt>
File: ./images/permutationMatrixSignature.png Graphic file (type png)
<use ./images/permutationMatrixSignature.png>
Package pdftex.def Info: ./images/permutationMatrixSignature.png  used on input
 line 243.
(pdftex.def)             Requested size: 144.54pt x 83.87523pt.
 [5 <./images/permutationMatrixSignature.png>] [6]
<./images/BandPartition.png, id=227, 611.28375pt x 341.275pt>
File: ./images/BandPartition.png Graphic file (type png)
<use ./images/BandPartition.png>
Package pdftex.def Info: ./images/BandPartition.png  used on input line 350.
(pdftex.def)             Requested size: 433.62pt x 242.08301pt.

Overfull \hbox (7.62pt too wide) in paragraph at lines 350--352
 [] 
 []

[7 <./images/BandPartition.png>]

LaTeX Warning: Command \O invalid in math mode on input line 398.

[8]

LaTeX Warning: Command \O invalid in math mode on input line 413.


Overfull \hbox (1.26857pt too wide) in paragraph at lines 437--438
[]\OT1/cmr/m/n/12 On the other hand, if we would have used the pre-defined func
-tions \OT1/cmr/m/it/12 set[]intersection
 []

[9] [10]
LaTeX Font Info:    Try loading font information for OMS+cmr on input line 504.


("C:\Users\Xavier\AppData\Local\Programs\MiKTeX 2.9\tex\latex\base\omscmr.fd"
File: omscmr.fd 2014/09/29 v2.5h Standard LaTeX font definitions
)
LaTeX Font Info:    Font shape `OMS/cmr/m/n' in size <12> not available
(Font)              Font shape `OMS/cmsy/m/n' tried instead on input line 504.

Overfull \hbox (2.40442pt too wide) in paragraph at lines 518--519
[]\OT1/cmr/m/n/12 nhashFunctions = num-ber of rows of the sig-na-ture mat-rix, 
and a threshold 
 []

[11]

LaTeX Warning: Command \O invalid in math mode on input line 545.


LaTeX Warning: Command \O invalid in math mode on input line 546.

[12]
<./plots/jsim_k_sim.png, id=268, 415.5525pt x 327.3831pt>
File: ./plots/jsim_k_sim.png Graphic file (type png)
<use ./plots/jsim_k_sim.png>
Package pdftex.def Info: ./plots/jsim_k_sim.png  used on input line 605.
(pdftex.def)             Requested size: 361.34999pt x 284.6911pt.
 [13]
<./plots/jsim_k_time.png, id=276, 409.0482pt x 327.3831pt>
File: ./plots/jsim_k_time.png Graphic file (type png)
<use ./plots/jsim_k_time.png>
Package pdftex.def Info: ./plots/jsim_k_time.png  used on input line 620.
(pdftex.def)             Requested size: 184.02911pt x 147.28606pt.
<./plots/jsim_k_meanTime.png, id=277, 409.0482pt x 327.3831pt>
File: ./plots/jsim_k_meanTime.png Graphic file (type png)
<use ./plots/jsim_k_meanTime.png>
Package pdftex.def Info: ./plots/jsim_k_meanTime.png  used on input line 625.
(pdftex.def)             Requested size: 184.02911pt x 147.28606pt.
<./plots/jsim_spaces_k_sim.png, id=278, 415.5525pt x 327.3831pt>
File: ./plots/jsim_spaces_k_sim.png Graphic file (type png)
<use ./plots/jsim_spaces_k_sim.png>
Package pdftex.def Info: ./plots/jsim_spaces_k_sim.png  used on input line 636.

(pdftex.def)             Requested size: 361.34999pt x 284.6911pt.
 [14 <./plots/jsim_k_sim.png>] [15 <./plots/jsim_k_time.png> <./plots/jsim_k_me
anTime.png> <./plots/jsim_spaces_k_sim.png>]
<./plots/signature_nHash_k_meanSim.png, id=292, 419.166pt x 327.3831pt>
File: ./plots/signature_nHash_k_meanSim.png Graphic file (type png)
<use ./plots/signature_nHash_k_meanSim.png>
Package pdftex.def Info: ./plots/signature_nHash_k_meanSim.png  used on input l
ine 656.
(pdftex.def)             Requested size: 361.34999pt x 282.22835pt.
<./plots/signature_nHash_k_meanSim3D.png, id=293, 462.528pt x 345.4506pt>
File: ./plots/signature_nHash_k_meanSim3D.png Graphic file (type png)
<use ./plots/signature_nHash_k_meanSim3D.png>
Package pdftex.def Info: ./plots/signature_nHash_k_meanSim3D.png  used on input
 line 671.
(pdftex.def)             Requested size: 184.02911pt x 137.4451pt.
<./plots/signature_nHash_k_meanTime.png, id=294, 585.387pt x 327.3831pt>
File: ./plots/signature_nHash_k_meanTime.png Graphic file (type png)
<use ./plots/signature_nHash_k_meanTime.png>
Package pdftex.def Info: ./plots/signature_nHash_k_meanTime.png  used on input 
line 676.
(pdftex.def)             Requested size: 220.8368pt x 123.50269pt.

Overfull \hbox (16.35863pt too wide) in paragraph at lines 676--678
 [][] 
 []

[16 <./plots/signature_nHash_k_meanSim.png>]
<./plots/signature_jsim_meanError.png, id=300, 530.4618pt x 327.3831pt>
File: ./plots/signature_jsim_meanError.png Graphic file (type png)
<use ./plots/signature_jsim_meanError.png>
Package pdftex.def Info: ./plots/signature_jsim_meanError.png  used on input li
ne 694.
(pdftex.def)             Requested size: 184.02911pt x 113.5767pt.
<./plots/signature_jsim_meanError_from25.png, id=301, 530.4618pt x 327.3831pt>
File: ./plots/signature_jsim_meanError_from25.png Graphic file (type png)
<use ./plots/signature_jsim_meanError_from25.png>
Package pdftex.def Info: ./plots/signature_jsim_meanError_from25.png  used on i
nput line 699.
(pdftex.def)             Requested size: 184.02911pt x 113.5767pt.
<./plots/signature_jsim_meanError_from50.png, id=302, 525.4029pt x 327.3831pt>
File: ./plots/signature_jsim_meanError_from50.png Graphic file (type png)
<use ./plots/signature_jsim_meanError_from50.png>
Package pdftex.def Info: ./plots/signature_jsim_meanError_from50.png  used on i
nput line 706.
(pdftex.def)             Requested size: 426.0pt x 265.4536pt.
 [17pdfTeX warning (ext4): destination with the same identifier (name{figure.1}
) has been already used, duplicate ignored

\AtBegShi@Output ...ipout \box \AtBeginShipoutBox 
                                                  \fi \fi 
l.710 \break
             <./plots/signature_nHash_k_meanSim3D.png> <./plots/signature_nHash
_k_meanTime.png> <./plots/signature_jsim_meanError.png> <./plots/signature_jsim
_meanError_from25.png>]
<./plots/signature_nHash_k_meanSim_jenkinsFunc.png, id=312, 528.2937pt x 327.38
31pt>
File: ./plots/signature_nHash_k_meanSim_jenkinsFunc.png Graphic file (type png)

<use ./plots/signature_nHash_k_meanSim_jenkinsFunc.png>
Package pdftex.def Info: ./plots/signature_nHash_k_meanSim_jenkinsFunc.png  use
d on input line 719.
(pdftex.def)             Requested size: 361.34999pt x 223.93137pt.
<./plots/signature_jsim_meanError_jenkinsFunc.png, id=313, 573.1011pt x 327.383
1pt>
File: ./plots/signature_jsim_meanError_jenkinsFunc.png Graphic file (type png)
<use ./plots/signature_jsim_meanError_jenkinsFunc.png>
Package pdftex.def Info: ./plots/signature_jsim_meanError_jenkinsFunc.png  used
 on input line 728.
(pdftex.def)             Requested size: 184.02911pt x 105.12439pt.
<./plots/signature_nHash_k_meanTime_jenkinsFunc.png, id=314, 585.387pt x 327.38
31pt>
File: ./plots/signature_nHash_k_meanTime_jenkinsFunc.png Graphic file (type png
)
<use ./plots/signature_nHash_k_meanTime_jenkinsFunc.png>
Package pdftex.def Info: ./plots/signature_nHash_k_meanTime_jenkinsFunc.png  us
ed on input line 733.
(pdftex.def)             Requested size: 184.02911pt x 102.9214pt.
File: ./plots/signature_jsim_meanError.png Graphic file (type png)
<use ./plots/signature_jsim_meanError.png>
Package pdftex.def Info: ./plots/signature_jsim_meanError.png  used on input li
ne 741.
(pdftex.def)             Requested size: 184.02911pt x 113.5767pt.
<./plots/signature_jsim_meanError_from25_jenkinsFunc.png, id=315, 573.1011pt x 
327.3831pt>
File: ./plots/signature_jsim_meanError_from25_jenkinsFunc.png Graphic file (typ
e png)
<use ./plots/signature_jsim_meanError_from25_jenkinsFunc.png>
Package pdftex.def Info: ./plots/signature_jsim_meanError_from25_jenkinsFunc.pn
g  used on input line 746.
(pdftex.def)             Requested size: 184.02911pt x 105.12439pt.
File: ./plots/signature_jsim_meanError_from25_jenkinsFunc.png Graphic file (typ
e png)
<use ./plots/signature_jsim_meanError_from25_jenkinsFunc.png>
Package pdftex.def Info: ./plots/signature_jsim_meanError_from25_jenkinsFunc.pn
g  used on input line 753.
(pdftex.def)             Requested size: 426.0pt x 243.3537pt.
 [18 <./plots/signature_jsim_meanError_from50.png> <./plots/signature_nHash_k_m
eanSim_jenkinsFunc.png>] [19 <./plots/signature_jsim_meanError_jenkinsFunc.png>
 <./plots/signature_nHash_k_meanTime_jenkinsFunc.png> <./plots/signature_jsim_m
eanError_from25_jenkinsFunc.png>]
<./plots/sig_error_modular_vs_jenkinsFunc.png, id=330, 539.1342pt x 327.3831pt>

File: ./plots/sig_error_modular_vs_jenkinsFunc.png Graphic file (type png)
<use ./plots/sig_error_modular_vs_jenkinsFunc.png>
Package pdftex.def Info: ./plots/sig_error_modular_vs_jenkinsFunc.png  used on 
input line 771.
(pdftex.def)             Requested size: 184.02911pt x 111.74837pt.
<./plots/sig_error_modular_vs_jenkinsFunc_from25.png, id=331, 532.6299pt x 327.
3831pt>
File: ./plots/sig_error_modular_vs_jenkinsFunc_from25.png Graphic file (type pn
g)
<use ./plots/sig_error_modular_vs_jenkinsFunc_from25.png>
Package pdftex.def Info: ./plots/sig_error_modular_vs_jenkinsFunc_from25.png  u
sed on input line 776.
(pdftex.def)             Requested size: 184.02911pt x 113.11214pt.
<./plots/sig_error_modular_vs_jenkinsFunc_from50.png, id=332, 532.6299pt x 327.
3831pt>
File: ./plots/sig_error_modular_vs_jenkinsFunc_from50.png Graphic file (type pn
g)
<use ./plots/sig_error_modular_vs_jenkinsFunc_from50.png>
Package pdftex.def Info: ./plots/sig_error_modular_vs_jenkinsFunc_from50.png  u
sed on input line 783.
(pdftex.def)             Requested size: 426.0pt x 261.84189pt.
 [20 <./plots/sig_error_modular_vs_jenkinsFunc.png> <./plots/sig_error_modular_
vs_jenkinsFunc_from25.png>]
<./plots/sig_time_modular_vs_jenkinsFunc.png, id=339, 539.1342pt x 327.3831pt>
File: ./plots/sig_time_modular_vs_jenkinsFunc.png Graphic file (type png)
<use ./plots/sig_time_modular_vs_jenkinsFunc.png>
Package pdftex.def Info: ./plots/sig_time_modular_vs_jenkinsFunc.png  used on i
nput line 794.
(pdftex.def)             Requested size: 426.0pt x 258.68475pt.
 [21 <./plots/sig_error_modular_vs_jenkinsFunc_from50.png>]
<./plots/lhs_time.png, id=345, 604.1772pt x 327.3831pt>
File: ./plots/lhs_time.png Graphic file (type png)
<use ./plots/lhs_time.png>
Package pdftex.def Info: ./plots/lhs_time.png  used on input line 805.
(pdftex.def)             Requested size: 426.0pt x 230.84007pt.
 [22 <./plots/sig_time_modular_vs_jenkinsFunc.png> <./plots/lhs_time.png>]
<./plots/lsh_t0.png, id=352, 381.67593pt x 237.88875pt>
File: ./plots/lsh_t0.png Graphic file (type png)
<use ./plots/lsh_t0.png>
Package pdftex.def Info: ./plots/lsh_t0.png  used on input line 817.
(pdftex.def)             Requested size: 426.0pt x 265.5261pt.
<./plots/lsh_t02.png, id=353, 376.40625pt x 236.38312pt>
File: ./plots/lsh_t02.png Graphic file (type png)
<use ./plots/lsh_t02.png>
Package pdftex.def Info: ./plots/lsh_t02.png  used on input line 823.
(pdftex.def)             Requested size: 426.0pt x 267.54625pt.
 [23 <./plots/lsh_t0.png>]
<./plots/lsh_t042.png, id=359, 378.66469pt x 234.1247pt>
File: ./plots/lsh_t042.png Graphic file (type png)
<use ./plots/lsh_t042.png>
Package pdftex.def Info: ./plots/lsh_t042.png  used on input line 829.
(pdftex.def)             Requested size: 426.0pt x 263.39676pt.
<./plots/lsh_t064.png, id=360, 382.42876pt x 237.88875pt>
File: ./plots/lsh_t064.png Graphic file (type png)
<use ./plots/lsh_t064.png>
Package pdftex.def Info: ./plots/lsh_t064.png  used on input line 835.
(pdftex.def)             Requested size: 426.0pt x 265.00702pt.
 [24 <./plots/lsh_t02.png> <./plots/lsh_t042.png>]
<./plots/lsh_t08.png, id=368, 383.93437pt x 239.39438pt>
File: ./plots/lsh_t08.png Graphic file (type png)
<use ./plots/lsh_t08.png>
Package pdftex.def Info: ./plots/lsh_t08.png  used on input line 841.
(pdftex.def)             Requested size: 426.0pt x 265.63957pt.
<./plots/lsh_t10.png, id=369, 384.6872pt x 240.14719pt>
File: ./plots/lsh_t10.png Graphic file (type png)
<use ./plots/lsh_t10.png>
Package pdftex.def Info: ./plots/lsh_t10.png  used on input line 847.
(pdftex.def)             Requested size: 426.0pt x 265.95456pt.
 [25 <./plots/lsh_t064.png> <./plots/lsh_t08.png>] [26 <./plots/lsh_t10.png>]
Underfull \hbox (badness 10000) in paragraph at lines 864--865
\OML/cmm/m/it/12 <$\OT1/cmr/m/n/12 https://aerodatablog.wordpress.com/2017/11/2
9/locality-sensitive-hashing-
 []


Underfull \hbox (badness 10000) in paragraph at lines 876--877
[]\OT1/cmr/m/n/12 santhoshhari. \OT1/cmr/m/it/12 Loc-al-ity Sens-it-ive Hash-in
g: Ap-plic-a-tion of Loc-al-
 []


Underfull \hbox (badness 10000) in paragraph at lines 876--877
\OT1/cmr/m/it/12 ity Sens-it-ive Hash-ing to Au-dio Fin-ger-print-ing \OT1/cmr/
m/n/12 [on-line]. (n. d.).
 []


Underfull \hbox (badness 10000) in paragraph at lines 876--877
\OML/cmm/m/it/12 <$\OT1/cmr/m/n/12 https://santhoshhari.github.io/Locality-Sens
itive-Hashing/$\OML/cmm/m/it/12 >$\OT1/cmr/m/n/12 [Consulted:
 []


Underfull \hbox (badness 4556) in paragraph at lines 879--880
[]\OT1/cmr/m/n/12 Shikhar Gupta. \OT1/cmr/m/it/12 Loc-al-ity Sens-it-ive Hash-i
ng: An ef-fect-ive way of re-
 []


Underfull \hbox (badness 10000) in paragraph at lines 879--880
\OT1/cmr/m/it/12 du-cing the di-men-sion-al-ity of your data \OT1/cmr/m/n/12 [o
n-line]. (June 29, 2018).
 []


Underfull \hbox (badness 10000) in paragraph at lines 879--880
\OML/cmm/m/it/12 <$\OT1/cmr/m/n/12 https://towardsdatascience.com/understanding
-locality-sensitive-hashing-
 []

Package atveryend Info: Empty hook `BeforeClearDocument' on input line 885.
[27]
Package atveryend Info: Empty hook `AfterLastShipout' on input line 885.
 (Hashing.aux)
Package atveryend Info: Executing hook `AtVeryEndDocument' on input line 885.
Package atveryend Info: Executing hook `AtEndAfterFileList' on input line 885.
Package rerunfilecheck Info: File `Hashing.out' has not changed.
(rerunfilecheck)             Checksum: 3C1E89D36CD8536BEE44AE09850BA5FD;2384.


LaTeX Warning: There were multiply-defined labels.

Package atveryend Info: Empty hook `AtVeryVeryEnd' on input line 885.
 ) 
Here is how much of TeX's memory you used:
 9736 strings out of 492970
 149480 string characters out of 3126150
 264774 words of memory out of 3000000
 13302 multiletter control sequences out of 15000+200000
 15111 words of font info for 56 fonts, out of 3000000 for 9000
 1141 hyphenation exceptions out of 8191
 33i,10n,31p,650b,501s stack positions out of 5000i,500n,10000p,200000b,50000s
<C:/Users/Xavier/AppData/Local/Programs/MiKTeX 2.9/fonts/type1/public/amsfont
s/cm/cmbx12.pfb><C:/Users/Xavier/AppData/Local/Programs/MiKTeX 2.9/fonts/type1/
public/amsfonts/cm/cmbxti10.pfb><C:/Users/Xavier/AppData/Local/Programs/MiKTeX 
2.9/fonts/type1/public/amsfonts/cm/cmcsc10.pfb><C:/Users/Xavier/AppData/Local/P
rograms/MiKTeX 2.9/fonts/type1/public/amsfonts/cm/cmex10.pfb><C:/Users/Xavier/A
ppData/Local/Programs/MiKTeX 2.9/fonts/type1/public/amsfonts/cm/cmmi10.pfb><C:/
Users/Xavier/AppData/Local/Programs/MiKTeX 2.9/fonts/type1/public/amsfonts/cm/c
mmi12.pfb><C:/Users/Xavier/AppData/Local/Programs/MiKTeX 2.9/fonts/type1/public
/amsfonts/cm/cmmi8.pfb><C:/Users/Xavier/AppData/Local/Programs/MiKTeX 2.9/fonts
/type1/public/amsfonts/cm/cmr10.pfb><C:/Users/Xavier/AppData/Local/Programs/MiK
TeX 2.9/fonts/type1/public/amsfonts/cm/cmr12.pfb><C:/Users/Xavier/AppData/Local
/Programs/MiKTeX 2.9/fonts/type1/public/amsfonts/cm/cmr7.pfb><C:/Users/Xavier/A
ppData/Local/Programs/MiKTeX 2.9/fonts/type1/public/amsfonts/cm/cmr8.pfb><C:/Us
ers/Xavier/AppData/Local/Programs/MiKTeX 2.9/fonts/type1/public/amsfonts/cm/cms
y10.pfb><C:/Users/Xavier/AppData/Local/Programs/MiKTeX 2.9/fonts/type1/public/a
msfonts/cm/cmti10.pfb><C:/Users/Xavier/AppData/Local/Programs/MiKTeX 2.9/fonts/
type1/public/amsfonts/cm/cmti12.pfb>
Output written on Hashing.pdf (28 pages, 1453450 bytes).
PDF statistics:
 457 PDF objects out of 1000 (max. 8388607)
 87 named destinations out of 1000 (max. 500000)
 420 words of extra memory for PDF output out of 10000 (max. 10000000)

