\BOOKMARK [1][-]{section.1}{Introduction}{}% 1
\BOOKMARK [1][-]{section.2}{Jaccard Similarity}{}% 2
\BOOKMARK [1][-]{section.3}{Shingling of Documents}{}% 3
\BOOKMARK [2][-]{subsection.3.1}{k-Shingles}{section.3}% 4
\BOOKMARK [1][-]{section.4}{Compairing Similarity Using The Sets}{}% 5
\BOOKMARK [2][-]{subsection.4.1}{Matrix Representation}{section.4}% 6
\BOOKMARK [3][-]{subsubsection.4.1.1}{Time Complexity}{subsection.4.1}% 7
\BOOKMARK [3][-]{subsubsection.4.1.2}{Space Complexity}{subsection.4.1}% 8
\BOOKMARK [2][-]{subsection.4.2}{Minhashing}{section.4}% 9
\BOOKMARK [3][-]{subsubsection.4.2.1}{Preserving the Jaccard Similarity}{subsection.4.2}% 10
\BOOKMARK [3][-]{subsubsection.4.2.2}{Optimizing the Time for Permutations}{subsection.4.2}% 11
\BOOKMARK [4][-]{paragraph.4.2.2.1}{Hashing Functions}{subsubsection.4.2.2}% 12
\BOOKMARK [5][-]{subparagraph.4.2.2.1.1}{Modular Hashing}{paragraph.4.2.2.1}% 13
\BOOKMARK [5][-]{subparagraph.4.2.2.1.2}{Robert Jenkins' 96 bit Mix Function}{paragraph.4.2.2.1}% 14
\BOOKMARK [1][-]{section.5}{Locality Sensitive Hashing \(LSH\)}{}% 15
\BOOKMARK [2][-]{subsection.5.1}{Band partition}{section.5}% 16
\BOOKMARK [2][-]{subsection.5.2}{Choice of b and r values}{section.5}% 17
\BOOKMARK [1][-]{section.6}{Algorithms}{}% 18
\BOOKMARK [2][-]{subsection.6.1}{Jaccard Similarity}{section.6}% 19
\BOOKMARK [3][-]{subsubsection.6.1.1}{k-Shingles}{subsection.6.1}% 20
\BOOKMARK [4][-]{paragraph.6.1.1.1}{Cost}{subsubsection.6.1.1}% 21
\BOOKMARK [3][-]{subsubsection.6.1.2}{Minhash Signatures}{subsection.6.1}% 22
\BOOKMARK [4][-]{paragraph.6.1.2.1}{Cost}{subsubsection.6.1.2}% 23
\BOOKMARK [2][-]{subsection.6.2}{LSH}{section.6}% 24
\BOOKMARK [3][-]{subsubsection.6.2.1}{Cost}{subsection.6.2}% 25
\BOOKMARK [1][-]{section.7}{Plots}{}% 26
\BOOKMARK [2][-]{subsection.7.1}{Jaccard Similarity}{section.7}% 27
\BOOKMARK [3][-]{subsubsection.7.1.1}{k-Shingles}{subsection.7.1}% 28
\BOOKMARK [3][-]{subsubsection.7.1.2}{Signature Matrix}{subsection.7.1}% 29
\BOOKMARK [4][-]{paragraph.7.1.2.1}{Using Modular Hashing}{subsubsection.7.1.2}% 30
\BOOKMARK [4][-]{paragraph.7.1.2.2}{Using Robert Jenkins' 96 bit Mix Function}{subsubsection.7.1.2}% 31
\BOOKMARK [4][-]{paragraph.7.1.2.3}{Modular Hashing vs. Robert Jenkins' 96 bit Mix Function}{subsubsection.7.1.2}% 32
\BOOKMARK [3][-]{subsubsection.7.1.3}{LSH}{subsection.7.1}% 33
